<?xml version="1.0" encoding="UTF-8"?>
<!-- Generated by org.testng.reporters.JUnitXMLReporter -->
<testsuite ignored="0" hostname="DESKTOP-2L70A79" failures="0" tests="3" name="Default test" time="0.038" errors="0" timestamp="2024-10-01T16:40:34 IST">
  <testcase classname="testng.DataProviders" name="bookTicketTest" time="0.006"/>
  <testcase classname="testng.DataProviders" name="bookTicketTest" time="0.001"/>
  <testcase classname="testng.DataProviders" name="bookTicketTest" time="0.001"/>
</testsuite> <!-- Default test -->
