<?xml version="1.0" encoding="UTF-8"?>
<!-- Generated by org.testng.reporters.JUnitXMLReporter -->
<testsuite ignored="1" hostname="DESKTOP-2L70A79" failures="0" tests="3" name="Default test" time="0.045" errors="0" timestamp="2024-09-27T16:35:45 IST">
  <testcase classname="testng.PriorityInvocationCountEnabled" name="demo3" time="0.004"/>
  <testcase classname="testng.PriorityInvocationCountEnabled" name="demo3" time="0.003"/>
  <testcase classname="testng.PriorityInvocationCountEnabled" name="demo4" time="0.002"/>
  <testcase classname="testng.PriorityInvocationCountEnabled" name="demo2" time="0.0">
    <ignored/>
  </testcase> <!-- demo2 -->
</testsuite> <!-- Default test -->
