<?xml version="1.0" encoding="UTF-8"?>
<!-- Generated by org.testng.reporters.JUnitXMLReporter -->
<testsuite ignored="0" hostname="DESKTOP-2L70A79" failures="1" tests="6" name="Test Runner 1" time="0.072" errors="0" timestamp="2024-10-02T15:19:29 IST">
  <testcase classname="distributedParallel.Test2" name="demo1" time="0.011"/>
  <testcase classname="distributedParallel.Test2" name="demo2" time="0.002"/>
  <testcase classname="distributedParallel.Test2" name="demo3" time="0.0"/>
  <testcase classname="distributedParallel.Test1" name="demo1" time="0.001"/>
  <testcase classname="distributedParallel.Test1" name="demo2" time="0.001">
    <failure type="java.lang.AssertionError" message="null">
      <![CDATA[java.lang.AssertionError: null
at distributedParallel.Test1.demo2(Test1.java:16)
at java.base/java.util.ArrayList.forEach(ArrayList.java:1511)
at java.base/java.util.concurrent.FutureTask.run(FutureTask.java:264)
at java.base/java.util.concurrent.ThreadPoolExecutor.runWorker(ThreadPoolExecutor.java:1136)
at java.base/java.util.concurrent.ThreadPoolExecutor$Worker.run(ThreadPoolExecutor.java:635)
at java.base/java.lang.Thread.run(Thread.java:833)
... Removed 20 stack frames]]>
    </failure>
  </testcase> <!-- demo2 -->
  <testcase classname="distributedParallel.Test1" name="demo3" time="0.002"/>
</testsuite> <!-- Test Runner 1 -->
