<?xml version="1.0" encoding="UTF-8"?>
<!-- Generated by org.testng.reporters.JUnitXMLReporter -->
<testsuite ignored="0" hostname="DESKTOP-2L70A79" failures="0" tests="6" name="Test Runner 1" time="0.056" errors="0" timestamp="2024-09-30T16:14:12 IST">
  <testcase classname="distributedParallel.Test2" name="demo1" time="0.004"/>
  <testcase classname="distributedParallel.Test2" name="demo2" time="0.002"/>
  <testcase classname="distributedParallel.Test2" name="demo3" time="0.001"/>
  <testcase classname="distributedParallel.Test1" name="demo1" time="0.0"/>
  <testcase classname="distributedParallel.Test1" name="demo2" time="0.001"/>
  <testcase classname="distributedParallel.Test1" name="demo3" time="0.002"/>
</testsuite> <!-- Test Runner 1 -->
