<?xml version="1.0" encoding="UTF-8"?>
<!-- Generated by org.testng.reporters.JUnitXMLReporter -->
<testsuite ignored="2" hostname="DESKTOP-2L70A79" failures="0" tests="1" name="Test Runner 2(failed)" time="0.036" errors="0" timestamp="2024-10-02T15:20:34 IST">
  <testcase classname="distributedParallel.Test4" name="demo1" time="0.005"/>
  <testcase classname="distributedParallel.Test4" name="demo3" time="0.0">
    <ignored/>
  </testcase> <!-- demo3 -->
  <testcase classname="distributedParallel.Test4" name="demo2" time="0.0">
    <ignored/>
  </testcase> <!-- demo2 -->
</testsuite> <!-- Test Runner 2(failed) -->
