<?xml version="1.0" encoding="UTF-8"?>
<testng-results ignored="0" total="3" passed="3" failed="0" skipped="0">
  <reporter-output>
  </reporter-output>
  <suite started-at="2024-10-01T16:40:34 IST" name="Default suite" finished-at="2024-10-01T16:40:34 IST" duration-ms="38">
    <groups>
    </groups>
    <test started-at="2024-10-01T16:40:34 IST" name="Default test" finished-at="2024-10-01T16:40:34 IST" duration-ms="38">
      <class name="testng.DataProviders">
        <test-method signature="bookTicketTest(java.lang.String,java.lang.String)[pri:0, instance:testng.DataProviders@20ce78ec]" started-at="2024-10-01T16:40:34 IST" name="bookTicketTest" data-provider="data" finished-at="2024-10-01T16:40:34 IST" duration-ms="6" status="PASS">
          <params>
            <param index="0">
              <value>
                <![CDATA[hyd]]>
              </value>
            </param>
            <param index="1">
              <value>
                <![CDATA[Chennai]]>
              </value>
            </param>
          </params>
          <reporter-output>
          </reporter-output>
        </test-method> <!-- bookTicketTest -->
        <test-method signature="bookTicketTest(java.lang.String,java.lang.String)[pri:0, instance:testng.DataProviders@20ce78ec]" started-at="2024-10-01T16:40:34 IST" name="bookTicketTest" data-provider="data" finished-at="2024-10-01T16:40:34 IST" duration-ms="1" status="PASS">
          <params>
            <param index="0">
              <value>
                <![CDATA[hyd]]>
              </value>
            </param>
            <param index="1">
              <value>
                <![CDATA[Kolkata]]>
              </value>
            </param>
          </params>
          <reporter-output>
          </reporter-output>
        </test-method> <!-- bookTicketTest -->
        <test-method signature="bookTicketTest(java.lang.String,java.lang.String)[pri:0, instance:testng.DataProviders@20ce78ec]" started-at="2024-10-01T16:40:34 IST" name="bookTicketTest" data-provider="data" finished-at="2024-10-01T16:40:34 IST" duration-ms="1" status="PASS">
          <params>
            <param index="0">
              <value>
                <![CDATA[hyd]]>
              </value>
            </param>
            <param index="1">
              <value>
                <![CDATA[Goa]]>
              </value>
            </param>
          </params>
          <reporter-output>
          </reporter-output>
        </test-method> <!-- bookTicketTest -->
      </class> <!-- testng.DataProviders -->
    </test> <!-- Default test -->
  </suite> <!-- Default suite -->
</testng-results>
