<?xml version="1.0" encoding="UTF-8"?>
<testng-results ignored="0" total="1" passed="1" failed="0" skipped="0">
  <reporter-output>
  </reporter-output>
  <suite started-at="2024-10-03T16:11:24 IST" name="Default suite" finished-at="2024-10-03T16:11:37 IST" duration-ms="12332">
    <groups>
    </groups>
    <test started-at="2024-10-03T16:11:24 IST" name="Default test" finished-at="2024-10-03T16:11:37 IST" duration-ms="12332">
      <class name="vtigerTests.CreateEventTest">
        <test-method is-config="true" signature="classConfig()[pri:0, instance:vtigerTests.CreateEventTest@4466af20]" started-at="2024-10-03T16:11:24 IST" name="classConfig" finished-at="2024-10-03T16:11:26 IST" duration-ms="1478" status="PASS">
          <reporter-output>
          </reporter-output>
        </test-method> <!-- classConfig -->
        <test-method is-config="true" signature="methodConfig()[pri:0, instance:vtigerTests.CreateEventTest@4466af20]" started-at="2024-10-03T16:11:26 IST" name="methodConfig" finished-at="2024-10-03T16:11:29 IST" duration-ms="3149" status="PASS">
          <reporter-output>
          </reporter-output>
        </test-method> <!-- methodConfig -->
        <test-method signature="createEventTest()[pri:0, instance:vtigerTests.CreateEventTest@4466af20]" started-at="2024-10-03T16:11:29 IST" name="createEventTest" finished-at="2024-10-03T16:11:33 IST" duration-ms="4049" status="PASS">
          <reporter-output>
          </reporter-output>
        </test-method> <!-- createEventTest -->
        <test-method is-config="true" signature="methodTeardown()[pri:0, instance:vtigerTests.CreateEventTest@4466af20]" started-at="2024-10-03T16:11:33 IST" name="methodTeardown" finished-at="2024-10-03T16:11:36 IST" duration-ms="3469" status="PASS">
          <reporter-output>
          </reporter-output>
        </test-method> <!-- methodTeardown -->
        <test-method is-config="true" signature="classTeardown()[pri:0, instance:vtigerTests.CreateEventTest@4466af20]" started-at="2024-10-03T16:11:36 IST" name="classTeardown" finished-at="2024-10-03T16:11:37 IST" duration-ms="152" status="PASS">
          <reporter-output>
          </reporter-output>
        </test-method> <!-- classTeardown -->
      </class> <!-- vtigerTests.CreateEventTest -->
    </test> <!-- Default test -->
  </suite> <!-- Default suite -->
</testng-results>
